c:\users\myounas\desktop\data_structures_hub\consoleapplication1\consoleapplication1\debug\vc120.pdb
c:\users\myounas\desktop\data_structures_hub\consoleapplication1\consoleapplication1\debug\vc120.idb
c:\users\myounas\desktop\data_structures_hub\consoleapplication1\consoleapplication1\debug\quick.obj
c:\users\myounas\desktop\data_structures_hub\consoleapplication1\consoleapplication1\debug\prac.obj
c:\users\myounas\desktop\data_structures_hub\consoleapplication1\consoleapplication1\debug\prac1.obj
c:\users\myounas\desktop\data_structures_hub\consoleapplication1\consoleapplication1\debug\row_measure.obj
c:\users\myounas\desktop\data_structures_hub\consoleapplication1\consoleapplication1\debug\source2.obj
c:\users\myounas\desktop\data_structures_hub\consoleapplication1\consoleapplication1\debug\quick_my.obj
c:\users\myounas\desktop\data_structures_hub\consoleapplication1\consoleapplication1\debug\source3.obj
c:\users\myounas\desktop\data_structures_hub\consoleapplication1\consoleapplication1\debug\bst.obj
c:\users\myounas\desktop\data_structures_hub\consoleapplication1\consoleapplication1\debug\search_tree.obj
c:\users\myounas\desktop\data_structures_hub\consoleapplication1\debug\consoleapplication1.ilk
c:\users\myounas\desktop\data_structures_hub\consoleapplication1\debug\consoleapplication1.exe
c:\users\myounas\desktop\data_structures_hub\consoleapplication1\debug\consoleapplication1.pdb
c:\users\myounas\desktop\data_structures_hub\consoleapplication1\consoleapplication1\debug\bht.obj
c:\users\myounas\desktop\data_structures_hub\consoleapplication1\consoleapplication1\debug\linked.obj
c:\users\myounas\desktop\data_structures_hub\consoleapplication1\consoleapplication1\debug\queue.obj
c:\users\myounas\desktop\data_structures_hub\consoleapplication1\consoleapplication1\debug\source.obj
c:\users\myounas\desktop\data_structures_hub\consoleapplication1\consoleapplication1\debug\stack.obj
c:\users\myounas\desktop\data_structures_hub\consoleapplication1\consoleapplication1\debug\consolea.dd9725ff.tlog\cl.command.1.tlog
c:\users\myounas\desktop\data_structures_hub\consoleapplication1\consoleapplication1\debug\consolea.dd9725ff.tlog\cl.read.1.tlog
c:\users\myounas\desktop\data_structures_hub\consoleapplication1\consoleapplication1\debug\consolea.dd9725ff.tlog\cl.write.1.tlog
c:\users\myounas\desktop\data_structures_hub\consoleapplication1\consoleapplication1\debug\consolea.dd9725ff.tlog\link.command.1.tlog
c:\users\myounas\desktop\data_structures_hub\consoleapplication1\consoleapplication1\debug\consolea.dd9725ff.tlog\link.read.1.tlog
c:\users\myounas\desktop\data_structures_hub\consoleapplication1\consoleapplication1\debug\consolea.dd9725ff.tlog\link.write.1.tlog
